# JRE version: Java(TM) SE Runtime Environment (18.0+36) (build 18+36-2087)
# Java VM: Java HotSpot(TM) 64-Bit Server VM (18+36-2087, mixed mode, sharing, tiered, compressed oops, compressed class ptrs, g1 gc, windows-amd64)
GC Precious Log:
 CardTable entry size: 512
 Card Set container configuration: InlinePtr #cards 5 size 8 Array Of Cards #cards 12 size 40 Howl #buckets 4 coarsen threshold 1843 Howl Bitmap #cards 512 size 80 coarsen threshold 460 Card regions per heap region 1 cards per card region 2048
 CPUs: 8 total, 8 available
 Memory: 8051M
 Large Page Support: Disabled
 NUMA Support: Disabled
 Compressed Oops: Enabled (32-bit)
 Heap Region Size: 1M
 Heap Min Capacity: 8M
 Heap Initial Capacity: 126M
 Heap Max Capacity: 2G
 Pre-touch: Disabled
 Parallel Workers: 8
 Concurrent Workers: 2
 Concurrent Refinement Workers: 8
 Periodic GC: Disabled
Heap:
 garbage-first heap   total 232448K, used 204731K [0x0000000080000000, 0x0000000100000000)
  region size 1024K, 2 young (2048K), 2 survivors (2048K)
 Metaspace       used 104895K, committed 107584K, reserved 552960K
  class space    used 14625K, committed 15936K, reserved 421888K
GC Heap History (20 events):
Event: 181.538 GC heap after
{Heap after GC invocations=58 (full 0):
 garbage-first heap   total 232448K, used 190946K [0x0000000080000000, 0x0000000100000000)
  region size 1024K, 2 young (2048K), 2 survivors (2048K)
 Metaspace       used 102364K, committed 105152K, reserved 552960K
  class space    used 14335K, committed 15680K, reserved 421888K
}
Event: 182.365 GC heap before
{Heap before GC invocations=58 (full 0):
 garbage-first heap   total 232448K, used 204258K [0x0000000080000000, 0x0000000100000000)
  region size 1024K, 15 young (15360K), 2 survivors (2048K)
 Metaspace       used 102554K, committed 105280K, reserved 552960K
  class space    used 14359K, committed 15680K, reserved 421888K
}
Event: 182.374 GC heap after
{Heap after GC invocations=59 (full 0):
 garbage-first heap   total 232448K, used 193105K [0x0000000080000000, 0x0000000100000000)
  region size 1024K, 2 young (2048K), 2 survivors (2048K)
 Metaspace       used 102554K, committed 105280K, reserved 552960K
  class space    used 14359K, committed 15680K, reserved 421888K
}
Event: 182.701 GC heap before
{Heap before GC invocations=59 (full 0):
 garbage-first heap   total 232448K, used 204369K [0x0000000080000000, 0x0000000100000000)
  region size 1024K, 13 young (13312K), 2 survivors (2048K)
 Metaspace       used 103145K, committed 105856K, reserved 552960K
  class space    used 14435K, committed 15744K, reserved 421888K
}
Event: 182.706 GC heap after
{Heap after GC invocations=60 (full 0):
 garbage-first heap   total 232448K, used 193889K [0x0000000080000000, 0x0000000100000000)
  region size 1024K, 1 young (1024K), 1 survivors (1024K)
 Metaspace       used 103145K, committed 105856K, reserved 552960K
  class space    used 14435K, committed 15744K, reserved 421888K
}
Event: 182.926 GC heap before
{Heap before GC invocations=60 (full 0):
 garbage-first heap   total 232448K, used 203105K [0x0000000080000000, 0x0000000100000000)
  region size 1024K, 11 young (11264K), 1 survivors (1024K)
 Metaspace       used 103699K, committed 106432K, reserved 552960K
  class space    used 14503K, committed 15808K, reserved 421888K
}
Event: 182.930 GC heap after
{Heap after GC invocations=61 (full 0):
 garbage-first heap   total 232448K, used 194451K [0x0000000080000000, 0x0000000100000000)
  region size 1024K, 2 young (2048K), 2 survivors (2048K)
 Metaspace       used 103699K, committed 106432K, reserved 552960K
  class space    used 14503K, committed 15808K, reserved 421888K
}
Event: 183.280 GC heap before
{Heap before GC invocations=61 (full 0):
 garbage-first heap   total 232448K, used 204691K [0x0000000080000000, 0x0000000100000000)
  region size 1024K, 12 young (12288K), 2 survivors (2048K)
 Metaspace       used 103902K, committed 106688K, reserved 552960K
  class space    used 14518K, committed 15872K, reserved 421888K
}
Event: 183.292 GC heap after
{Heap after GC invocations=62 (full 0):
 garbage-first heap   total 232448K, used 197787K [0x0000000080000000, 0x0000000100000000)
  region size 1024K, 2 young (2048K), 2 survivors (2048K)
 Metaspace       used 103902K, committed 106688K, reserved 552960K
  class space    used 14518K, committed 15872K, reserved 421888K
}
Event: 183.568 GC heap before
{Heap before GC invocations=62 (full 0):
 garbage-first heap   total 232448K, used 207003K [0x0000000080000000, 0x0000000100000000)
  region size 1024K, 11 young (11264K), 2 survivors (2048K)
 Metaspace       used 104171K, committed 106880K, reserved 552960K
  class space    used 14557K, committed 15872K, reserved 421888K
}
Event: 183.576 GC heap after
{Heap after GC invocations=63 (full 0):
 garbage-first heap   total 232448K, used 199321K [0x0000000080000000, 0x0000000100000000)
  region size 1024K, 2 young (2048K), 2 survivors (2048K)
 Metaspace       used 104171K, committed 106880K, reserved 552960K
  class space    used 14557K, committed 15872K, reserved 421888K
}
Event: 183.845 GC heap before
{Heap before GC invocations=63 (full 0):
 garbage-first heap   total 232448K, used 208537K [0x0000000080000000, 0x0000000100000000)
  region size 1024K, 11 young (11264K), 2 survivors (2048K)
 Metaspace       used 104439K, committed 107200K, reserved 552960K
  class space    used 14593K, committed 15936K, reserved 421888K
}
Event: 183.851 GC heap after
{Heap after GC invocations=64 (full 0):
 garbage-first heap   total 232448K, used 200264K [0x0000000080000000, 0x0000000100000000)
  region size 1024K, 1 young (1024K), 1 survivors (1024K)
 Metaspace       used 104439K, committed 107200K, reserved 552960K
  class space    used 14593K, committed 15936K, reserved 421888K
}
Event: 184.174 GC heap before
{Heap before GC invocations=64 (full 0):
 garbage-first heap   total 232448K, used 209480K [0x0000000080000000, 0x0000000100000000)
  region size 1024K, 11 young (11264K), 1 survivors (1024K)
 Metaspace       used 104621K, committed 107328K, reserved 552960K
  class space    used 14612K, committed 15936K, reserved 421888K
}
Event: 184.180 GC heap after
{Heap after GC invocations=65 (full 0):
 garbage-first heap   total 232448K, used 202006K [0x0000000080000000, 0x0000000100000000)
  region size 1024K, 2 young (2048K), 2 survivors (2048K)
 Metaspace       used 104621K, committed 107328K, reserved 552960K
  class space    used 14612K, committed 15936K, reserved 421888K
}
Event: 184.421 GC heap before
{Heap before GC invocations=65 (full 0):
 garbage-first heap   total 232448K, used 211222K [0x0000000080000000, 0x0000000100000000)
  region size 1024K, 11 young (11264K), 2 survivors (2048K)
 Metaspace       used 104757K, committed 107456K, reserved 552960K
  class space    used 14624K, committed 15936K, reserved 421888K
}
Event: 184.429 GC heap after
{Heap after GC invocations=66 (full 0):
 garbage-first heap   total 232448K, used 203146K [0x0000000080000000, 0x0000000100000000)
  region size 1024K, 2 young (2048K), 2 survivors (2048K)
 Metaspace       used 104757K, committed 107456K, reserved 552960K
  class space    used 14624K, committed 15936K, reserved 421888K
}
Event: 184.747 GC heap before
{Heap before GC invocations=66 (full 0):
 garbage-first heap   total 232448K, used 212362K [0x0000000080000000, 0x0000000100000000)
  region size 1024K, 11 young (11264K), 2 survivors (2048K)
 Metaspace       used 104833K, committed 107520K, reserved 552960K
  class space    used 14625K, committed 15936K, reserved 421888K
}
Event: 184.754 GC heap after
{Heap after GC invocations=67 (full 0):
 garbage-first heap   total 232448K, used 203824K [0x0000000080000000, 0x0000000100000000)
  region size 1024K, 2 young (2048K), 2 survivors (2048K)
 Metaspace       used 104833K, committed 107520K, reserved 552960K
  class space    used 14625K, committed 15936K, reserved 421888K
}
Event: 185.181 GC heap before
{Heap before GC invocations=67 (full 0):
 garbage-first heap   total 232448K, used 213040K [0x0000000080000000, 0x0000000100000000)
  region size 1024K, 11 young (11264K), 2 survivors (2048K)
 Metaspace       used 104895K, committed 107584K, reserved 552960K
  class space    used 14625K, committed 15936K, reserved 421888K
}

